0    [main] INFO  eclipse.emf.mwe.core.WorkflowEngine  - --------------------------------------------------------------------------------------
0    [main] INFO  eclipse.emf.mwe.core.WorkflowEngine  - EMF Modeling Workflow Engine 1.3.11, Build v201508030321
0    [main] INFO  eclipse.emf.mwe.core.WorkflowEngine  - (c) 2005-2009 openarchitectureware.org and contributors
0    [main] INFO  eclipse.emf.mwe.core.WorkflowEngine  - --------------------------------------------------------------------------------------
0    [main] INFO  eclipse.emf.mwe.core.WorkflowEngine  - running workflow: C:/onedrive/OneDrive - UNIVERSIDAD ALICANTE/DSM/2024/Practicas/Workspace/GameAffinity/templates/workflow/generator.mwe
0    [main] INFO  eclipse.emf.mwe.core.WorkflowEngine  - 
251  [main] INFO  lipse.emf.mwe.utils.StandaloneSetup  - Registering platform uri 'C:\onedrive\OneDrive - UNIVERSIDAD ALICANTE\DSM\2024\Practicas\Workspace'
331  [main] INFO  lipse.emf.mwe.utils.StandaloneSetup  - Adding generated EPackage 'es.ua.dlsi.ooh.conceptualView.ConceptualViewPackage'
369  [main] INFO  lipse.emf.mwe.utils.StandaloneSetup  - Adding generated EPackage 'org.eclipse.gmf.runtime.notation.NotationPackage'
437  [main] INFO  e.core.container.CompositeComponent  - Workflow: executing workflow workflow::nhibernate::generator.mwe in C:/onedrive/OneDrive - UNIVERSIDAD ALICANTE/DSM/2024/Practicas/Workspace/GameAffinity/templates/workflow/generator.mwe:13
437  [main] INFO  e.core.container.CompositeComponent  - XmiReader: file 'models/default.domainModel' => slot 'es_ua_dlsi_ooh_conceptual_model'
552  [main] INFO  e.core.container.CompositeComponent  - CheckComponent: slot es_ua_dlsi_ooh_conceptual_model check file(s): metamodel::Checks 
863  [main] INFO  e.core.container.CompositeComponent  - es.ua.dlsi.ooh.persistence.nhibernate.generator.workflowComponents.CleanBackup
Se ha borrado el directorio backup en la ubicacion: ../GameAffinityGen\Backup
879  [main] INFO  e.core.container.CompositeComponent  - DirectoryCleaner(dirCleanerEN): cleaning directory '../GameAffinityGen/GameAffinityGen.ApplicationCore/EN/GameAffinity'
879  [main] INFO  ipse.emf.mwe.utils.DirectoryCleaner  - Cleaning C:\onedrive\OneDrive - UNIVERSIDAD ALICANTE\DSM\2024\Practicas\Workspace\GameAffinity\..\GameAffinityGen\GameAffinityGen.ApplicationCore\EN\GameAffinity
879  [main] INFO  e.core.container.CompositeComponent  - DirectoryCleaner(dirCleanerCP): cleaning directory '../GameAffinityGen/GameAffinityGen.ApplicationCore/CP/GameAffinity'
879  [main] INFO  ipse.emf.mwe.utils.DirectoryCleaner  - Cleaning C:\onedrive\OneDrive - UNIVERSIDAD ALICANTE\DSM\2024\Practicas\Workspace\GameAffinity\..\GameAffinityGen\GameAffinityGen.ApplicationCore\CP\GameAffinity
879  [main] INFO  e.core.container.CompositeComponent  - DirectoryCleaner(dirCleanerCEN): cleaning directory '../GameAffinityGen/GameAffinityGen.ApplicationCore/CEN/GameAffinity'
879  [main] INFO  ipse.emf.mwe.utils.DirectoryCleaner  - Cleaning C:\onedrive\OneDrive - UNIVERSIDAD ALICANTE\DSM\2024\Practicas\Workspace\GameAffinity\..\GameAffinityGen\GameAffinityGen.ApplicationCore\CEN\GameAffinity
879  [main] INFO  e.core.container.CompositeComponent  - DirectoryCleaner(dirCleanerIRepo): cleaning directory '../GameAffinityGen/GameAffinityGen.ApplicationCore/IRepository/GameAffinity'
879  [main] INFO  ipse.emf.mwe.utils.DirectoryCleaner  - Cleaning C:\onedrive\OneDrive - UNIVERSIDAD ALICANTE\DSM\2024\Practicas\Workspace\GameAffinity\..\GameAffinityGen\GameAffinityGen.ApplicationCore\IRepository\GameAffinity
879  [main] INFO  e.core.container.CompositeComponent  - DirectoryCleaner(dirCleanerEnum): cleaning directory '../GameAffinityGen/GameAffinityGen.ApplicationCore/Enumerated/GameAffinity'
879  [main] INFO  ipse.emf.mwe.utils.DirectoryCleaner  - Cleaning C:\onedrive\OneDrive - UNIVERSIDAD ALICANTE\DSM\2024\Practicas\Workspace\GameAffinity\..\GameAffinityGen\GameAffinityGen.ApplicationCore\Enumerated\GameAffinity
879  [main] INFO  e.core.container.CompositeComponent  - DirectoryCleaner(dirCleanerINFEN): cleaning directory '../GameAffinityGen/GameAffinityGen.Infraestructure/EN/GameAffinity'
879  [main] INFO  ipse.emf.mwe.utils.DirectoryCleaner  - Cleaning C:\onedrive\OneDrive - UNIVERSIDAD ALICANTE\DSM\2024\Practicas\Workspace\GameAffinity\..\GameAffinityGen\GameAffinityGen.Infraestructure\EN\GameAffinity
894  [main] INFO  e.core.container.CompositeComponent  - DirectoryCleaner(dirCleanerINFMap): cleaning directory '../GameAffinityGen/GameAffinityGen.Infraestructure/Mappings/GameAffinity'
894  [main] INFO  ipse.emf.mwe.utils.DirectoryCleaner  - Cleaning C:\onedrive\OneDrive - UNIVERSIDAD ALICANTE\DSM\2024\Practicas\Workspace\GameAffinity\..\GameAffinityGen\GameAffinityGen.Infraestructure\Mappings\GameAffinity
894  [main] INFO  e.core.container.CompositeComponent  - DirectoryCleaner(dirCleanerINFRepo): cleaning directory '../GameAffinityGen/GameAffinityGen.Infraestructure/Repository/GameAffinity'
894  [main] INFO  ipse.emf.mwe.utils.DirectoryCleaner  - Cleaning C:\onedrive\OneDrive - UNIVERSIDAD ALICANTE\DSM\2024\Practicas\Workspace\GameAffinity\..\GameAffinityGen\GameAffinityGen.Infraestructure\Repository\GameAffinity
894  [main] INFO  e.core.container.CompositeComponent  - Generator(nhibernate.generator): generating 'workflow::nhibernate::workflow::main FOR true' => [CONFIGURATION:../GameAffinityGen(overwrite=false,append=false,fileEncoding=utf-8), ../GameAffinityGen]
La licencia está en vigor. Su fecha de expiración es: Wed Jul 30 09:24:34 CEST 2025
977  [main] INFO  and2.pr.ProtectedRegionResolverImpl  - Source scan started ...
1138 [main] INFO  and2.pr.ProtectedRegionResolverImpl  - Source scan finished in 0.161s
1138 [main] INFO  and2.pr.ProtectedRegionResolverImpl  - Files scanned: 112
1138 [main] INFO  and2.pr.ProtectedRegionResolverImpl  - Regions found: 47
configuroConf:C:\Users\pablo\AppData\Local\Temp\OOH4RIA6194035065451392179.cfg
enc:utf-8
enc:utf-8
enc:utf-8
enc:utf-8
1573 [main] INFO  ipse.xtend.util.stdlib.IOExtensions  - RegistradoRepository
enc:utf-8
1708 [main] INFO  ipse.xtend.util.stdlib.IOExtensions  - ModeradorRepository
enc:utf-8
1771 [main] INFO  ipse.xtend.util.stdlib.IOExtensions  - ListaRepository
LA clase origen: Lista y el nombre de rol: autor_lista
DISTINTO en: asoOrigin: videojuego_0_lista. El nombre del rol origen: videojuegos de el rol destino: autor_lista
LA clase destino: Lista y el nombre de rol: autor_lista
Encontrado en: asoTarget: lista_0_registrado El nombre de rol origen (generado): listas y el nombre del rol destino:autor_lista
LA clase origen: Lista y el nombre de rol: autor_lista
DISTINTO en: asoOrigin: videojuego_0_lista. El nombre del rol origen: videojuegos de el rol destino: autor_lista
LA clase destino: Lista y el nombre de rol: autor_lista
Encontrado en: asoTarget: lista_0_registrado El nombre de rol origen (generado): listas y el nombre del rol destino:autor_lista
LA clase origen: Lista y el nombre de rol: autor_lista
DISTINTO en: asoOrigin: videojuego_0_lista. El nombre del rol origen: videojuegos de el rol destino: autor_lista
LA clase destino: Lista y el nombre de rol: autor_lista
Encontrado en: asoTarget: lista_0_registrado El nombre de rol origen (generado): listas y el nombre del rol destino:autor_lista
enc:utf-8
1860 [main] INFO  ipse.xtend.util.stdlib.IOExtensions  - ResenyaRepository
LA clase origen: Resenya y el nombre de rol: autor_resenya
DISTINTO en: asoOrigin: videojuego_reseña. El nombre del rol origen: videojuego de el rol destino: autor_resenya
LA clase destino: Resenya y el nombre de rol: autor_resenya
Encontrado en: asoTarget: reseña_registrado_0 El nombre de rol origen (generado): resenya y el nombre del rol destino:autor_resenya
LA clase origen: Resenya y el nombre de rol: autor_resenya
DISTINTO en: asoOrigin: videojuego_reseña. El nombre del rol origen: videojuego de el rol destino: autor_resenya
LA clase destino: Resenya y el nombre de rol: autor_resenya
Encontrado en: asoTarget: reseña_registrado_0 El nombre de rol origen (generado): resenya y el nombre del rol destino:autor_resenya
LA clase origen: Resenya y el nombre de rol: autor_resenya
DISTINTO en: asoOrigin: videojuego_reseña. El nombre del rol origen: videojuego de el rol destino: autor_resenya
LA clase destino: Resenya y el nombre de rol: autor_resenya
Encontrado en: asoTarget: reseña_registrado_0 El nombre de rol origen (generado): resenya y el nombre del rol destino:autor_resenya
LA clase origen: Resenya y el nombre de rol: videojuego
Encontrado en: asoOrigin: videojuego_reseña. El nombre del rol origen: videojuego y el nombre de rol destino: resenyas
LA clase origen: Resenya y el nombre de rol: videojuego
Encontrado en: asoOrigin: videojuego_reseña. El nombre del rol origen: videojuego y el nombre de rol destino: resenyas
LA clase origen: Resenya y el nombre de rol: videojuego
Encontrado en: asoOrigin: videojuego_reseña. El nombre del rol origen: videojuego y el nombre de rol destino: resenyas
LA clase origen: Resenya y el nombre de rol: videojuego
Encontrado en: asoOrigin: videojuego_reseña. El nombre del rol origen: videojuego y el nombre de rol destino: resenyas
LA clase origen: Resenya y el nombre de rol: videojuego
Encontrado en: asoOrigin: videojuego_reseña. El nombre del rol origen: videojuego y el nombre de rol destino: resenyas
LA clase origen: Resenya y el nombre de rol: videojuego
Encontrado en: asoOrigin: videojuego_reseña. El nombre del rol origen: videojuego y el nombre de rol destino: resenyas
enc:utf-8
1912 [main] INFO  ipse.xtend.util.stdlib.IOExtensions  - ValoracionRepository
LA clase origen: Valoracion y el nombre de rol: autor_valoracion
DISTINTO en: asoOrigin: videojuego_valoracion. El nombre del rol origen: videojuego_valorado de el rol destino: autor_valoracion
LA clase destino: Valoracion y el nombre de rol: autor_valoracion
Encontrado en: asoTarget: valoracion_registrado El nombre de rol origen (generado): valoraciones y el nombre del rol destino:autor_valoracion
LA clase origen: Valoracion y el nombre de rol: autor_valoracion
DISTINTO en: asoOrigin: videojuego_valoracion. El nombre del rol origen: videojuego_valorado de el rol destino: autor_valoracion
LA clase destino: Valoracion y el nombre de rol: autor_valoracion
Encontrado en: asoTarget: valoracion_registrado El nombre de rol origen (generado): valoraciones y el nombre del rol destino:autor_valoracion
LA clase origen: Valoracion y el nombre de rol: autor_valoracion
DISTINTO en: asoOrigin: videojuego_valoracion. El nombre del rol origen: videojuego_valorado de el rol destino: autor_valoracion
LA clase destino: Valoracion y el nombre de rol: autor_valoracion
Encontrado en: asoTarget: valoracion_registrado El nombre de rol origen (generado): valoraciones y el nombre del rol destino:autor_valoracion
enc:utf-8
1960 [main] INFO  ipse.xtend.util.stdlib.IOExtensions  - EmpresaRepository
enc:utf-8
2030 [main] INFO  ipse.xtend.util.stdlib.IOExtensions  - IndividuoRepository
enc:utf-8
2102 [main] INFO  ipse.xtend.util.stdlib.IOExtensions  - VideojuegoRepository
enc:utf-8
2165 [main] INFO  ipse.xtend.util.stdlib.IOExtensions  - InteraccionRepository
LA clase origen: Interaccion y el nombre de rol: autor
DISTINTO en: asoOrigin: resenya_like. El nombre del rol origen: resenya de el rol destino: autor
LA clase destino: Interaccion y el nombre de rol: autor
Encontrado en: asoTarget: like_registrado El nombre de rol origen (generado): interaccion y el nombre del rol destino:autor
LA clase origen: Interaccion y el nombre de rol: autor
DISTINTO en: asoOrigin: resenya_like. El nombre del rol origen: resenya de el rol destino: autor
LA clase destino: Interaccion y el nombre de rol: autor
Encontrado en: asoTarget: like_registrado El nombre de rol origen (generado): interaccion y el nombre del rol destino:autor
LA clase origen: Interaccion y el nombre de rol: autor
DISTINTO en: asoOrigin: resenya_like. El nombre del rol origen: resenya de el rol destino: autor
LA clase destino: Interaccion y el nombre de rol: autor
Encontrado en: asoTarget: like_registrado El nombre de rol origen (generado): interaccion y el nombre del rol destino:autor
LA clase origen: Interaccion y el nombre de rol: resenya
Encontrado en: asoOrigin: resenya_like. El nombre del rol origen: resenya y el nombre de rol destino: interacciones
LA clase origen: Interaccion y el nombre de rol: resenya
Encontrado en: asoOrigin: resenya_like. El nombre del rol origen: resenya y el nombre de rol destino: interacciones
LA clase origen: Interaccion y el nombre de rol: resenya
Encontrado en: asoOrigin: resenya_like. El nombre del rol origen: resenya y el nombre de rol destino: interacciones
LA clase origen: Interaccion y el nombre de rol: resenya
Encontrado en: asoOrigin: resenya_like. El nombre del rol origen: resenya y el nombre de rol destino: interacciones
LA clase origen: Interaccion y el nombre de rol: resenya
Encontrado en: asoOrigin: resenya_like. El nombre del rol origen: resenya y el nombre de rol destino: interacciones
LA clase origen: Interaccion y el nombre de rol: resenya
Encontrado en: asoOrigin: resenya_like. El nombre del rol origen: resenya y el nombre de rol destino: interacciones
enc:utf-8
enc:utf-8
enc:utf-8
enc:utf-8
enc:utf-8
enc:utf-8
enc:utf-8
enc:utf-8
enc:utf-8
enc:utf-8
enc:utf-8
enc:utf-8
enc:utf-8
2676 [main] INFO  ipse.xtend.util.stdlib.IOExtensions  - RegistradoCEN
enc:utf-8
2707 [main] INFO  ipse.xtend.util.stdlib.IOExtensions  - ModeradorCEN
enc:utf-8
2754 [main] INFO  ipse.xtend.util.stdlib.IOExtensions  - ListaCEN
enc:utf-8
2802 [main] INFO  ipse.xtend.util.stdlib.IOExtensions  - ResenyaCEN
enc:utf-8
2834 [main] INFO  ipse.xtend.util.stdlib.IOExtensions  - ValoracionCEN
enc:utf-8
2850 [main] INFO  ipse.xtend.util.stdlib.IOExtensions  - EmpresaCEN
enc:utf-8
2881 [main] INFO  ipse.xtend.util.stdlib.IOExtensions  - IndividuoCEN
enc:utf-8
2928 [main] INFO  ipse.xtend.util.stdlib.IOExtensions  - VideojuegoCEN
enc:utf-8
2965 [main] INFO  ipse.xtend.util.stdlib.IOExtensions  - InteraccionCEN
enc:utf-8
enc:utf-8
enc:utf-8
enc:utf-8
enc:utf-8
enc:utf-8
enc:utf-8
enc:utf-8
enc:utf-8
enc:utf-8
enc:utf-8
3400 [main] INFO  ipse.xtend.util.stdlib.IOExtensions  - es.ua.dlsi.ooh.conceptualView.impl.OperationImpl@2d778add (name: cerrar_sesion, visibility: Public, operationType: Custom, description: null, type: Void, collectionType: None, isStatic: false, isOrdered: false, filter: null, precondition: null, body: null, postcondition: null, automaticSynchronize: true, customized: false, paging: false, customizedTransaction: false)
3400 [main] INFO  ipse.xtend.util.stdlib.IOExtensions  - es.ua.dlsi.ooh.conceptualView.impl.OperationImpl@51133c06 (name: cambiar_password, visibility: Public, operationType: Custom, description: null, type: Void, collectionType: None, isStatic: false, isOrdered: false, filter: null, precondition: null, body: null, postcondition: null, automaticSynchronize: true, customized: false, paging: false, customizedTransaction: false)
3400 [main] INFO  ipse.xtend.util.stdlib.IOExtensions  - es.ua.dlsi.ooh.conceptualView.impl.OperationImpl@4ebff610 (name: recuperar_password, visibility: Public, operationType: Custom, description: null, type: Void, collectionType: None, isStatic: false, isOrdered: false, filter: null, precondition: null, body: null, postcondition: null, automaticSynchronize: true, customized: false, paging: false, customizedTransaction: false)
3400 [main] INFO  ipse.xtend.util.stdlib.IOExtensions  - es.ua.dlsi.ooh.conceptualView.impl.OperationImpl@44d52de2 (name: dar_de_baja, visibility: Public, operationType: Custom, description: null, type: Void, collectionType: None, isStatic: false, isOrdered: false, filter: null, precondition: null, body: null, postcondition: null, automaticSynchronize: true, customized: false, paging: false, customizedTransaction: false)
3400 [main] INFO  ipse.xtend.util.stdlib.IOExtensions  - es.ua.dlsi.ooh.conceptualView.impl.OperationImpl@38604b81 (name: consultar_afinidades, visibility: Public, operationType: Custom, description: null, type: Void, collectionType: None, isStatic: false, isOrdered: false, filter: null, precondition: null, body: null, postcondition: null, automaticSynchronize: true, customized: false, paging: false, customizedTransaction: false)
3400 [main] INFO  ipse.xtend.util.stdlib.IOExtensions  - es.ua.dlsi.ooh.conceptualView.impl.OperationImpl@babafc2 (name: seguir_perfiles, visibility: Public, operationType: Relationer, description: null, type: Void, collectionType: None, isStatic: false, isOrdered: false, filter: null, precondition: null, body: null, postcondition: null, automaticSynchronize: true, customized: false, paging: false, customizedTransaction: false)
3400 [main] INFO  ipse.xtend.util.stdlib.IOExtensions  - es.ua.dlsi.ooh.conceptualView.impl.OperationImpl@600b9d27 (name: dejar_de_seguir_perfiles, visibility: Public, operationType: Unrelationer, description: null, type: Void, collectionType: None, isStatic: false, isOrdered: false, filter: null, precondition: null, body: null, postcondition: null, automaticSynchronize: true, customized: false, paging: false, customizedTransaction: false)
3400 [main] INFO  ipse.xtend.util.stdlib.IOExtensions  - es.ua.dlsi.ooh.conceptualView.impl.OperationImpl@7922d892 (name: alternar_notificaciones, visibility: Public, operationType: Modifier, description: null, type: Void, collectionType: None, isStatic: false, isOrdered: false, filter: null, precondition: null, body: null, postcondition: null, automaticSynchronize: false, customized: true, paging: false, customizedTransaction: false)
3400 [main] INFO  ipse.xtend.util.stdlib.IOExtensions  - es.ua.dlsi.ooh.conceptualView.impl.OperationImpl@345f69f3 (name: aceptar_mentoria, visibility: Public, operationType: Modifier, description: null, type: Void, collectionType: None, isStatic: false, isOrdered: false, filter: null, precondition: null, body: null, postcondition: null, automaticSynchronize: false, customized: false, paging: false, customizedTransaction: false)
3400 [main] INFO  ipse.xtend.util.stdlib.IOExtensions  - es.ua.dlsi.ooh.conceptualView.impl.OperationImpl@3f57bcad (name: new, visibility: Public, operationType: New, description: null, type: Object, collectionType: None, isStatic: false, isOrdered: false, filter: null, precondition: null, body: null, postcondition: null, automaticSynchronize: true, customized: false, paging: false, customizedTransaction: false)
3400 [main] INFO  ipse.xtend.util.stdlib.IOExtensions  - es.ua.dlsi.ooh.conceptualView.impl.OperationImpl@7daa0fbd (name: modify, visibility: Public, operationType: Modifier, description: null, type: Void, collectionType: None, isStatic: false, isOrdered: false, filter: null, precondition: null, body: null, postcondition: null, automaticSynchronize: true, customized: false, paging: false, customizedTransaction: false)
3400 [main] INFO  ipse.xtend.util.stdlib.IOExtensions  - es.ua.dlsi.ooh.conceptualView.impl.OperationImpl@17d88132 (name: destroy, visibility: Public, operationType: Destroy, description: null, type: Void, collectionType: None, isStatic: false, isOrdered: false, filter: null, precondition: null, body: null, postcondition: null, automaticSynchronize: true, customized: false, paging: false, customizedTransaction: false)
3400 [main] INFO  ipse.xtend.util.stdlib.IOExtensions  - es.ua.dlsi.ooh.conceptualView.impl.OperationImpl@16eccb2e (name: getByOID, visibility: Public, operationType: ReadOID, description: null, type: Object, collectionType: None, isStatic: false, isOrdered: false, filter: null, precondition: null, body: null, postcondition: null, automaticSynchronize: true, customized: false, paging: false, customizedTransaction: false)
3400 [main] INFO  ipse.xtend.util.stdlib.IOExtensions  - es.ua.dlsi.ooh.conceptualView.impl.OperationImpl@d771cc9 (name: getMentores, visibility: Public, operationType: ReadFilter, description: null, type: Object, collectionType: List, isStatic: false, isOrdered: false, filter: FROM RegistradoNH WHERE es_mentor = :es_mentor, precondition: null, body: null, postcondition: null, automaticSynchronize: false, customized: false, paging: false, customizedTransaction: false)
3400 [main] INFO  ipse.xtend.util.stdlib.IOExtensions  - es.ua.dlsi.ooh.conceptualView.impl.OperationImpl@4671115f (name: darLike, visibility: Public, operationType: Relationer, description: null, type: Void, collectionType: None, isStatic: false, isOrdered: false, filter: null, precondition: null, body: null, postcondition: null, automaticSynchronize: true, customized: false, paging: false, customizedTransaction: false)
3400 [main] INFO  ipse.xtend.util.stdlib.IOExtensions  - es.ua.dlsi.ooh.conceptualView.impl.OperationImpl@1583741e (name: quitarLike, visibility: Public, operationType: Unrelationer, description: null, type: Void, collectionType: None, isStatic: false, isOrdered: false, filter: null, precondition: null, body: null, postcondition: null, automaticSynchronize: true, customized: false, paging: false, customizedTransaction: false)
3400 [main] INFO  ipse.xtend.util.stdlib.IOExtensions  - es.ua.dlsi.ooh.conceptualView.impl.OperationImpl@481ba2cf (name: crearValoracion, visibility: Public, operationType: Relationer, description: null, type: Void, collectionType: None, isStatic: false, isOrdered: false, filter: null, precondition: null, body: null, postcondition: null, automaticSynchronize: true, customized: false, paging: false, customizedTransaction: false)
3400 [main] INFO  ipse.xtend.util.stdlib.IOExtensions  - es.ua.dlsi.ooh.conceptualView.impl.OperationImpl@1efe439d (name: eliminarValoracion, visibility: Public, operationType: Unrelationer, description: null, type: Void, collectionType: None, isStatic: false, isOrdered: false, filter: null, precondition: null, body: null, postcondition: null, automaticSynchronize: true, customized: false, paging: false, customizedTransaction: false)
3400 [main] INFO  ipse.xtend.util.stdlib.IOExtensions  - es.ua.dlsi.ooh.conceptualView.impl.OperationImpl@12d2ce03 (name: crearLista, visibility: Public, operationType: Relationer, description: null, type: Void, collectionType: None, isStatic: false, isOrdered: false, filter: null, precondition: null, body: null, postcondition: null, automaticSynchronize: true, customized: false, paging: false, customizedTransaction: false)
3400 [main] INFO  ipse.xtend.util.stdlib.IOExtensions  - es.ua.dlsi.ooh.conceptualView.impl.OperationImpl@1f53a5dc (name: eliminarLista, visibility: Public, operationType: Unrelationer, description: null, type: Void, collectionType: None, isStatic: false, isOrdered: false, filter: null, precondition: null, body: null, postcondition: null, automaticSynchronize: true, customized: false, paging: false, customizedTransaction: false)
enc:utf-8
3461 [main] INFO  ipse.xtend.util.stdlib.IOExtensions  - es.ua.dlsi.ooh.conceptualView.impl.OperationImpl@4f3bbf68 (name: eliminar_resenyas, visibility: Public, operationType: CustomTransaction, description: null, type: Void, collectionType: None, isStatic: false, isOrdered: false, filter: null, precondition: null, body: null, postcondition: null, automaticSynchronize: true, customized: false, paging: false, customizedTransaction: false)
enc:utf-8
3496 [main] INFO  ipse.xtend.util.stdlib.IOExtensions  - es.ua.dlsi.ooh.conceptualView.impl.OperationImpl@68702e03 (name: banear_usuarios, visibility: Public, operationType: CustomTransaction, description: null, type: Void, collectionType: None, isStatic: false, isOrdered: false, filter: null, precondition: null, body: null, postcondition: null, automaticSynchronize: true, customized: false, paging: false, customizedTransaction: false)
enc:utf-8
3543 [main] INFO  ipse.xtend.util.stdlib.IOExtensions  - es.ua.dlsi.ooh.conceptualView.impl.OperationImpl@30c93896 (name: new, visibility: Public, operationType: New, description: null, type: Object, collectionType: None, isStatic: false, isOrdered: false, filter: null, precondition: null, body: null, postcondition: null, automaticSynchronize: true, customized: false, paging: false, customizedTransaction: false)
3543 [main] INFO  ipse.xtend.util.stdlib.IOExtensions  - es.ua.dlsi.ooh.conceptualView.impl.OperationImpl@2796aeae (name: modify, visibility: Public, operationType: Modifier, description: null, type: Void, collectionType: None, isStatic: false, isOrdered: false, filter: null, precondition: null, body: null, postcondition: null, automaticSynchronize: true, customized: false, paging: false, customizedTransaction: false)
3543 [main] INFO  ipse.xtend.util.stdlib.IOExtensions  - es.ua.dlsi.ooh.conceptualView.impl.OperationImpl@5b6ec132 (name: destroy, visibility: Public, operationType: Destroy, description: null, type: Void, collectionType: None, isStatic: false, isOrdered: false, filter: null, precondition: null, body: null, postcondition: null, automaticSynchronize: true, customized: false, paging: false, customizedTransaction: false)
3543 [main] INFO  ipse.xtend.util.stdlib.IOExtensions  - es.ua.dlsi.ooh.conceptualView.impl.OperationImpl@67d18ed7 (name: getAll, visibility: Public, operationType: ReadAll, description: null, type: Object, collectionType: List, isStatic: false, isOrdered: false, filter: null, precondition: null, body: null, postcondition: null, automaticSynchronize: true, customized: false, paging: false, customizedTransaction: false)
3543 [main] INFO  ipse.xtend.util.stdlib.IOExtensions  - es.ua.dlsi.ooh.conceptualView.impl.OperationImpl@2c78d320 (name: getByOID, visibility: Public, operationType: ReadOID, description: null, type: Object, collectionType: None, isStatic: false, isOrdered: false, filter: null, precondition: null, body: null, postcondition: null, automaticSynchronize: true, customized: false, paging: false, customizedTransaction: false)
enc:utf-8
3575 [main] INFO  ipse.xtend.util.stdlib.IOExtensions  - es.ua.dlsi.ooh.conceptualView.impl.OperationImpl@26ceffa8 (name: isDefault, visibility: Public, operationType: Custom, description: null, type: Boolean, collectionType: None, isStatic: false, isOrdered: false, filter: null, precondition: null, body: null, postcondition: null, automaticSynchronize: true, customized: false, paging: false, customizedTransaction: false)
3575 [main] INFO  ipse.xtend.util.stdlib.IOExtensions  - es.ua.dlsi.ooh.conceptualView.impl.OperationImpl@7c8c9a05 (name: anyadirJuego, visibility: Public, operationType: Relationer, description: null, type: Void, collectionType: None, isStatic: false, isOrdered: false, filter: null, precondition: null, body: null, postcondition: null, automaticSynchronize: false, customized: false, paging: false, customizedTransaction: false)
3575 [main] INFO  ipse.xtend.util.stdlib.IOExtensions  - es.ua.dlsi.ooh.conceptualView.impl.OperationImpl@60129b9a (name: getAll, visibility: Public, operationType: ReadAll, description: null, type: Object, collectionType: List, isStatic: false, isOrdered: false, filter: null, precondition: null, body: null, postcondition: null, automaticSynchronize: true, customized: false, paging: false, customizedTransaction: false)
3575 [main] INFO  ipse.xtend.util.stdlib.IOExtensions  - es.ua.dlsi.ooh.conceptualView.impl.OperationImpl@78d6692f (name: getByOID, visibility: Public, operationType: ReadOID, description: null, type: Object, collectionType: None, isStatic: false, isOrdered: false, filter: null, precondition: null, body: null, postcondition: null, automaticSynchronize: true, customized: false, paging: false, customizedTransaction: false)
3575 [main] INFO  ipse.xtend.util.stdlib.IOExtensions  - es.ua.dlsi.ooh.conceptualView.impl.OperationImpl@3d9c13b5 (name: new, visibility: Public, operationType: New, description: null, type: Object, collectionType: None, isStatic: false, isOrdered: false, filter: null, precondition: null, body: null, postcondition: null, automaticSynchronize: true, customized: false, paging: false, customizedTransaction: false)
3575 [main] INFO  ipse.xtend.util.stdlib.IOExtensions  - es.ua.dlsi.ooh.conceptualView.impl.OperationImpl@7582ff54 (name: modify, visibility: Public, operationType: Modifier, description: null, type: Void, collectionType: None, isStatic: false, isOrdered: false, filter: null, precondition: null, body: null, postcondition: null, automaticSynchronize: true, customized: false, paging: false, customizedTransaction: false)
3575 [main] INFO  ipse.xtend.util.stdlib.IOExtensions  - es.ua.dlsi.ooh.conceptualView.impl.OperationImpl@78641d23 (name: destroy, visibility: Public, operationType: Destroy, description: null, type: Void, collectionType: None, isStatic: false, isOrdered: false, filter: null, precondition: null, body: null, postcondition: null, automaticSynchronize: true, customized: false, paging: false, customizedTransaction: false)
3575 [main] INFO  ipse.xtend.util.stdlib.IOExtensions  - es.ua.dlsi.ooh.conceptualView.impl.OperationImpl@146dfe6 (name: cambiar_nombre, visibility: Public, operationType: Modifier, description: null, type: Void, collectionType: None, isStatic: false, isOrdered: false, filter: null, precondition: null, body: null, postcondition: null, automaticSynchronize: false, customized: true, paging: false, customizedTransaction: false)
3575 [main] INFO  ipse.xtend.util.stdlib.IOExtensions  - es.ua.dlsi.ooh.conceptualView.impl.OperationImpl@2f67b837 (name: cambiar_descripcion, visibility: Public, operationType: Modifier, description: null, type: Void, collectionType: None, isStatic: false, isOrdered: false, filter: null, precondition: null, body: null, postcondition: null, automaticSynchronize: false, customized: true, paging: false, customizedTransaction: false)
3575 [main] INFO  ipse.xtend.util.stdlib.IOExtensions  - es.ua.dlsi.ooh.conceptualView.impl.OperationImpl@6cce16f4 (name: eliminarJuego, visibility: Public, operationType: Unrelationer, description: null, type: Void, collectionType: None, isStatic: false, isOrdered: false, filter: null, precondition: null, body: null, postcondition: null, automaticSynchronize: false, customized: false, paging: false, customizedTransaction: false)
3575 [main] INFO  ipse.xtend.util.stdlib.IOExtensions  - es.ua.dlsi.ooh.conceptualView.impl.OperationImpl@ca30bc1 (name: getByAutor, visibility: Public, operationType: ReadFilter, description: null, type: Object, collectionType: List, isStatic: false, isOrdered: false, filter: FROM ListaNH WHERE autor_lista = :user, precondition: null, body: null, postcondition: null, automaticSynchronize: false, customized: false, paging: false, customizedTransaction: false)
enc:utf-8
3627 [main] INFO  ipse.xtend.util.stdlib.IOExtensions  - es.ua.dlsi.ooh.conceptualView.impl.OperationImpl@60df60da (name: modify, visibility: Public, operationType: Modifier, description: null, type: Void, collectionType: None, isStatic: false, isOrdered: false, filter: null, precondition: null, body: null, postcondition: null, automaticSynchronize: true, customized: false, paging: false, customizedTransaction: false)
3627 [main] INFO  ipse.xtend.util.stdlib.IOExtensions  - es.ua.dlsi.ooh.conceptualView.impl.OperationImpl@1c93f6e1 (name: destroy, visibility: Public, operationType: Destroy, description: null, type: Void, collectionType: None, isStatic: false, isOrdered: false, filter: null, precondition: null, body: null, postcondition: null, automaticSynchronize: true, customized: false, paging: false, customizedTransaction: false)
3627 [main] INFO  ipse.xtend.util.stdlib.IOExtensions  - es.ua.dlsi.ooh.conceptualView.impl.OperationImpl@1458ed9c (name: getAll, visibility: Public, operationType: ReadAll, description: null, type: Object, collectionType: List, isStatic: false, isOrdered: false, filter: null, precondition: null, body: null, postcondition: null, automaticSynchronize: true, customized: false, paging: false, customizedTransaction: false)
3628 [main] INFO  ipse.xtend.util.stdlib.IOExtensions  - es.ua.dlsi.ooh.conceptualView.impl.OperationImpl@10a9d961 (name: getByOID, visibility: Public, operationType: ReadOID, description: null, type: Object, collectionType: None, isStatic: false, isOrdered: false, filter: null, precondition: null, body: null, postcondition: null, automaticSynchronize: true, customized: false, paging: false, customizedTransaction: false)
3628 [main] INFO  ipse.xtend.util.stdlib.IOExtensions  - es.ua.dlsi.ooh.conceptualView.impl.OperationImpl@e383572 (name: new, visibility: Public, operationType: New, description: null, type: Object, collectionType: None, isStatic: false, isOrdered: false, filter: null, precondition: null, body: null, postcondition: null, automaticSynchronize: true, customized: false, paging: false, customizedTransaction: false)
enc:utf-8
3675 [main] INFO  ipse.xtend.util.stdlib.IOExtensions  - es.ua.dlsi.ooh.conceptualView.impl.OperationImpl@7a1a14a4 (name: getByOID, visibility: Public, operationType: ReadOID, description: null, type: Object, collectionType: None, isStatic: false, isOrdered: false, filter: null, precondition: null, body: null, postcondition: null, automaticSynchronize: true, customized: false, paging: false, customizedTransaction: false)
3675 [main] INFO  ipse.xtend.util.stdlib.IOExtensions  - es.ua.dlsi.ooh.conceptualView.impl.OperationImpl@a3d9978 (name: getAll, visibility: Public, operationType: ReadAll, description: null, type: Object, collectionType: List, isStatic: false, isOrdered: false, filter: null, precondition: null, body: null, postcondition: null, automaticSynchronize: true, customized: false, paging: false, customizedTransaction: false)
3675 [main] INFO  ipse.xtend.util.stdlib.IOExtensions  - es.ua.dlsi.ooh.conceptualView.impl.OperationImpl@61544ae6 (name: new, visibility: Public, operationType: New, description: null, type: Object, collectionType: None, isStatic: false, isOrdered: false, filter: null, precondition: null, body: null, postcondition: null, automaticSynchronize: true, customized: false, paging: false, customizedTransaction: true)
enc:utf-8
3706 [main] INFO  ipse.xtend.util.stdlib.IOExtensions  - es.ua.dlsi.ooh.conceptualView.impl.OperationImpl@5d066c7d (name: modify, visibility: Public, operationType: Modifier, description: null, type: Void, collectionType: None, isStatic: false, isOrdered: false, filter: null, precondition: null, body: null, postcondition: null, automaticSynchronize: true, customized: false, paging: false, customizedTransaction: true)
enc:utf-8
3754 [main] INFO  ipse.xtend.util.stdlib.IOExtensions  - es.ua.dlsi.ooh.conceptualView.impl.OperationImpl@56928307 (name: destroy, visibility: Public, operationType: Destroy, description: null, type: Void, collectionType: None, isStatic: false, isOrdered: false, filter: null, precondition: null, body: null, postcondition: null, automaticSynchronize: true, customized: false, paging: false, customizedTransaction: true)
enc:utf-8
enc:utf-8
3832 [main] INFO  ipse.xtend.util.stdlib.IOExtensions  - es.ua.dlsi.ooh.conceptualView.impl.OperationImpl@66c92293 (name: new, visibility: Public, operationType: New, description: null, type: Object, collectionType: None, isStatic: false, isOrdered: false, filter: null, precondition: null, body: null, postcondition: null, automaticSynchronize: true, customized: false, paging: false, customizedTransaction: false)
3832 [main] INFO  ipse.xtend.util.stdlib.IOExtensions  - es.ua.dlsi.ooh.conceptualView.impl.OperationImpl@13ad5cd3 (name: modify, visibility: Public, operationType: Modifier, description: null, type: Void, collectionType: None, isStatic: false, isOrdered: false, filter: null, precondition: null, body: null, postcondition: null, automaticSynchronize: true, customized: false, paging: false, customizedTransaction: false)
3832 [main] INFO  ipse.xtend.util.stdlib.IOExtensions  - es.ua.dlsi.ooh.conceptualView.impl.OperationImpl@6581dc0a (name: destroy, visibility: Public, operationType: Destroy, description: null, type: Void, collectionType: None, isStatic: false, isOrdered: false, filter: null, precondition: null, body: null, postcondition: null, automaticSynchronize: true, customized: false, paging: false, customizedTransaction: false)
3832 [main] INFO  ipse.xtend.util.stdlib.IOExtensions  - es.ua.dlsi.ooh.conceptualView.impl.OperationImpl@6ce86ce1 (name: getByOID, visibility: Public, operationType: ReadOID, description: null, type: Object, collectionType: None, isStatic: false, isOrdered: false, filter: null, precondition: null, body: null, postcondition: null, automaticSynchronize: true, customized: false, paging: false, customizedTransaction: false)
3832 [main] INFO  ipse.xtend.util.stdlib.IOExtensions  - es.ua.dlsi.ooh.conceptualView.impl.OperationImpl@3fed2870 (name: getAll, visibility: Public, operationType: ReadAll, description: null, type: Object, collectionType: List, isStatic: false, isOrdered: false, filter: null, precondition: null, body: null, postcondition: null, automaticSynchronize: true, customized: false, paging: false, customizedTransaction: false)
3832 [main] INFO  ipse.xtend.util.stdlib.IOExtensions  - es.ua.dlsi.ooh.conceptualView.impl.OperationImpl@77128536 (name: anyadirJuegoDesarrollado, visibility: Public, operationType: Relationer, description: null, type: Void, collectionType: None, isStatic: false, isOrdered: false, filter: null, precondition: null, body: null, postcondition: null, automaticSynchronize: true, customized: false, paging: false, customizedTransaction: false)
3832 [main] INFO  ipse.xtend.util.stdlib.IOExtensions  - es.ua.dlsi.ooh.conceptualView.impl.OperationImpl@64bce832 (name: eilminarJuegoDesarrollado, visibility: Public, operationType: Unrelationer, description: null, type: Void, collectionType: None, isStatic: false, isOrdered: false, filter: null, precondition: null, body: null, postcondition: null, automaticSynchronize: true, customized: false, paging: false, customizedTransaction: false)
3832 [main] INFO  ipse.xtend.util.stdlib.IOExtensions  - es.ua.dlsi.ooh.conceptualView.impl.OperationImpl@598bd2ba (name: anyadirIndividuo, visibility: Public, operationType: Relationer, description: null, type: Void, collectionType: None, isStatic: false, isOrdered: false, filter: null, precondition: null, body: null, postcondition: null, automaticSynchronize: true, customized: false, paging: false, customizedTransaction: false)
3832 [main] INFO  ipse.xtend.util.stdlib.IOExtensions  - es.ua.dlsi.ooh.conceptualView.impl.OperationImpl@4f5991f6 (name: eliminarIndividuo, visibility: Public, operationType: Unrelationer, description: null, type: Void, collectionType: None, isStatic: false, isOrdered: false, filter: null, precondition: null, body: null, postcondition: null, automaticSynchronize: true, customized: false, paging: false, customizedTransaction: false)
enc:utf-8
3879 [main] INFO  ipse.xtend.util.stdlib.IOExtensions  - es.ua.dlsi.ooh.conceptualView.impl.OperationImpl@76f4b65 (name: new, visibility: Public, operationType: New, description: null, type: Object, collectionType: None, isStatic: false, isOrdered: false, filter: null, precondition: null, body: null, postcondition: null, automaticSynchronize: true, customized: false, paging: false, customizedTransaction: false)
3879 [main] INFO  ipse.xtend.util.stdlib.IOExtensions  - es.ua.dlsi.ooh.conceptualView.impl.OperationImpl@524f3b3a (name: modify, visibility: Public, operationType: Modifier, description: null, type: Void, collectionType: None, isStatic: false, isOrdered: false, filter: null, precondition: null, body: null, postcondition: null, automaticSynchronize: true, customized: false, paging: false, customizedTransaction: false)
3879 [main] INFO  ipse.xtend.util.stdlib.IOExtensions  - es.ua.dlsi.ooh.conceptualView.impl.OperationImpl@58be6e8 (name: destroy, visibility: Public, operationType: Destroy, description: null, type: Void, collectionType: None, isStatic: false, isOrdered: false, filter: null, precondition: null, body: null, postcondition: null, automaticSynchronize: true, customized: false, paging: false, customizedTransaction: false)
3879 [main] INFO  ipse.xtend.util.stdlib.IOExtensions  - es.ua.dlsi.ooh.conceptualView.impl.OperationImpl@3f9342d4 (name: getAll, visibility: Public, operationType: ReadAll, description: null, type: Object, collectionType: List, isStatic: false, isOrdered: false, filter: null, precondition: null, body: null, postcondition: null, automaticSynchronize: true, customized: false, paging: false, customizedTransaction: false)
3879 [main] INFO  ipse.xtend.util.stdlib.IOExtensions  - es.ua.dlsi.ooh.conceptualView.impl.OperationImpl@ab7395e (name: getByOID, visibility: Public, operationType: ReadOID, description: null, type: Object, collectionType: None, isStatic: false, isOrdered: false, filter: null, precondition: null, body: null, postcondition: null, automaticSynchronize: true, customized: false, paging: false, customizedTransaction: false)
3879 [main] INFO  ipse.xtend.util.stdlib.IOExtensions  - es.ua.dlsi.ooh.conceptualView.impl.OperationImpl@2bd08376 (name: getByRol, visibility: Public, operationType: ReadFilter, description: null, type: Object, collectionType: List, isStatic: false, isOrdered: false, filter: FROM IndividuoNH WHERE rol = :rol, precondition: null, body: null, postcondition: null, automaticSynchronize: false, customized: false, paging: false, customizedTransaction: false)
3879 [main] INFO  ipse.xtend.util.stdlib.IOExtensions  - es.ua.dlsi.ooh.conceptualView.impl.OperationImpl@3d3e5463 (name: getByPais, visibility: Public, operationType: ReadFilter, description: null, type: Object, collectionType: List, isStatic: false, isOrdered: false, filter: FROM IndividuoNH where nacionalidad = :pais, precondition: null, body: null, postcondition: null, automaticSynchronize: false, customized: false, paging: false, customizedTransaction: false)
3879 [main] INFO  ipse.xtend.util.stdlib.IOExtensions  - es.ua.dlsi.ooh.conceptualView.impl.OperationImpl@4b40f651 (name: anyadirVideojuego, visibility: Public, operationType: Relationer, description: null, type: Void, collectionType: None, isStatic: false, isOrdered: false, filter: null, precondition: null, body: null, postcondition: null, automaticSynchronize: true, customized: false, paging: false, customizedTransaction: false)
3879 [main] INFO  ipse.xtend.util.stdlib.IOExtensions  - es.ua.dlsi.ooh.conceptualView.impl.OperationImpl@49964d75 (name: eilminarVideojuego, visibility: Public, operationType: Unrelationer, description: null, type: Void, collectionType: None, isStatic: false, isOrdered: false, filter: null, precondition: null, body: null, postcondition: null, automaticSynchronize: true, customized: false, paging: false, customizedTransaction: false)
enc:utf-8
3927 [main] INFO  ipse.xtend.util.stdlib.IOExtensions  - es.ua.dlsi.ooh.conceptualView.impl.OperationImpl@4b79ac84 (name: new, visibility: Public, operationType: New, description: null, type: Object, collectionType: None, isStatic: false, isOrdered: false, filter: null, precondition: null, body: null, postcondition: null, automaticSynchronize: true, customized: false, paging: false, customizedTransaction: false)
3927 [main] INFO  ipse.xtend.util.stdlib.IOExtensions  - es.ua.dlsi.ooh.conceptualView.impl.OperationImpl@65a15628 (name: modify, visibility: Public, operationType: Modifier, description: null, type: Void, collectionType: None, isStatic: false, isOrdered: false, filter: null, precondition: null, body: null, postcondition: null, automaticSynchronize: true, customized: false, paging: false, customizedTransaction: false)
3927 [main] INFO  ipse.xtend.util.stdlib.IOExtensions  - es.ua.dlsi.ooh.conceptualView.impl.OperationImpl@b7c4869 (name: destroy, visibility: Public, operationType: Destroy, description: null, type: Void, collectionType: None, isStatic: false, isOrdered: false, filter: null, precondition: null, body: null, postcondition: null, automaticSynchronize: true, customized: false, paging: false, customizedTransaction: false)
3927 [main] INFO  ipse.xtend.util.stdlib.IOExtensions  - es.ua.dlsi.ooh.conceptualView.impl.OperationImpl@1c481ff2 (name: getByoID, visibility: Public, operationType: ReadOID, description: null, type: Object, collectionType: None, isStatic: false, isOrdered: false, filter: null, precondition: null, body: null, postcondition: null, automaticSynchronize: true, customized: false, paging: false, customizedTransaction: false)
3927 [main] INFO  ipse.xtend.util.stdlib.IOExtensions  - es.ua.dlsi.ooh.conceptualView.impl.OperationImpl@1b955cac (name: getAll, visibility: Public, operationType: ReadAll, description: null, type: Object, collectionType: List, isStatic: false, isOrdered: false, filter: null, precondition: null, body: null, postcondition: null, automaticSynchronize: true, customized: false, paging: false, customizedTransaction: false)
3927 [main] INFO  ipse.xtend.util.stdlib.IOExtensions  - es.ua.dlsi.ooh.conceptualView.impl.OperationImpl@676cf48 (name: getByGenero, visibility: Public, operationType: ReadFilter, description: null, type: Object, collectionType: List, isStatic: false, isOrdered: false, filter: FROM VideojuegoNH WHERE genero = :genero, precondition: null, body: null, postcondition: null, automaticSynchronize: false, customized: false, paging: false, customizedTransaction: false)
3927 [main] INFO  ipse.xtend.util.stdlib.IOExtensions  - es.ua.dlsi.ooh.conceptualView.impl.OperationImpl@335b5620 (name: getByEmpresa, visibility: Public, operationType: ReadFilter, description: null, type: Object, collectionType: List, isStatic: false, isOrdered: false, filter: FROM VideojuegoNH, precondition: null, body: null, postcondition: null, automaticSynchronize: false, customized: false, paging: false, customizedTransaction: false)
3927 [main] INFO  ipse.xtend.util.stdlib.IOExtensions  - es.ua.dlsi.ooh.conceptualView.impl.OperationImpl@32a68f4f (name: getByIndividuo, visibility: Public, operationType: ReadFilter, description: null, type: Object, collectionType: List, isStatic: false, isOrdered: false, filter: FROM VideojuegoNH, precondition: null, body: null, postcondition: null, automaticSynchronize: false, customized: false, paging: false, customizedTransaction: false)
enc:utf-8
3975 [main] INFO  ipse.xtend.util.stdlib.IOExtensions  - es.ua.dlsi.ooh.conceptualView.impl.OperationImpl@19835e64 (name: modify, visibility: Public, operationType: Modifier, description: null, type: Void, collectionType: None, isStatic: false, isOrdered: false, filter: null, precondition: null, body: null, postcondition: null, automaticSynchronize: true, customized: false, paging: false, customizedTransaction: true)
enc:utf-8
4041 [main] INFO  ipse.xtend.util.stdlib.IOExtensions  - es.ua.dlsi.ooh.conceptualView.impl.OperationImpl@33308786 (name: destroy, visibility: Public, operationType: Destroy, description: null, type: Void, collectionType: None, isStatic: false, isOrdered: false, filter: null, precondition: null, body: null, postcondition: null, automaticSynchronize: true, customized: false, paging: false, customizedTransaction: true)
enc:utf-8
4088 [main] INFO  ipse.xtend.util.stdlib.IOExtensions  - es.ua.dlsi.ooh.conceptualView.impl.OperationImpl@a87f8ec (name: new, visibility: Public, operationType: New, description: null, type: Object, collectionType: None, isStatic: false, isOrdered: false, filter: null, precondition: null, body: null, postcondition: null, automaticSynchronize: true, customized: false, paging: false, customizedTransaction: true)
enc:utf-8
4118 [main] INFO  ipse.xtend.util.stdlib.IOExtensions  - es.ua.dlsi.ooh.conceptualView.impl.OperationImpl@22356acd (name: getByOID, visibility: Public, operationType: ReadOID, description: null, type: Object, collectionType: None, isStatic: false, isOrdered: false, filter: null, precondition: null, body: null, postcondition: null, automaticSynchronize: true, customized: false, paging: false, customizedTransaction: false)
4118 [main] INFO  ipse.xtend.util.stdlib.IOExtensions  - es.ua.dlsi.ooh.conceptualView.impl.OperationImpl@39655d3e (name: getAll, visibility: Public, operationType: ReadAll, description: null, type: Object, collectionType: List, isStatic: false, isOrdered: false, filter: null, precondition: null, body: null, postcondition: null, automaticSynchronize: true, customized: false, paging: false, customizedTransaction: false)
enc:utf-8
enc:utf-8
enc:utf-8
4260 [main] INFO  ipse.xtend.util.stdlib.IOExtensions  - RegistradoEN
enc:utf-8
4339 [main] INFO  ipse.xtend.util.stdlib.IOExtensions  - ModeradorEN
enc:utf-8
4370 [main] INFO  ipse.xtend.util.stdlib.IOExtensions  - ListaEN
enc:utf-8
4402 [main] INFO  ipse.xtend.util.stdlib.IOExtensions  - ResenyaEN
enc:utf-8
4465 [main] INFO  ipse.xtend.util.stdlib.IOExtensions  - ValoracionEN
enc:utf-8
4556 [main] INFO  ipse.xtend.util.stdlib.IOExtensions  - EmpresaEN
enc:utf-8
4610 [main] INFO  ipse.xtend.util.stdlib.IOExtensions  - IndividuoEN
enc:utf-8
4657 [main] INFO  ipse.xtend.util.stdlib.IOExtensions  - VideojuegoEN
enc:utf-8
4704 [main] INFO  ipse.xtend.util.stdlib.IOExtensions  - InteraccionEN
enc:utf-8
enc:utf-8
enc:utf-8
enc:utf-8
enc:utf-8
enc:utf-8
enc:utf-8
enc:utf-8
enc:utf-8
enc:utf-8
enc:utf-8
enc:utf-8
enc:utf-8
enc:utf-8
enc:utf-8
5365 [main] INFO         org.eclipse.xpand2.Generator  - Written 67 files to outlet [default](../GameAffinityGen)
5365 [main] INFO         org.eclipse.xpand2.Generator  - Skipped writing of 34 files to outlet [default](../GameAffinityGen)
5365 [main] INFO         org.eclipse.xpand2.Generator  - Skipped writing of 2 files to outlet CONFIGURATION(../GameAffinityGen)
5365 [main] INFO  e.core.container.CompositeComponent  - es.ua.dlsi.ooh.persistence.nhibernate.generator.workflowComponents.CreateSolution
Proyecto sln :GameAffinityGen.slnpath: ../GameAffinityGenoverwrite: false
5381 [main] INFO  e.core.container.CompositeComponent  - es.ua.dlsi.ooh.persistence.nhibernate.generator.workflowComponents.UpdateSolution
5396 [main] INFO  eclipse.emf.mwe.core.WorkflowEngine  - workflow completed in 4959ms!
